<?xml version="1.0" encoding="UTF-8"?>
<!-- Generated by org.testng.reporters.JUnitReportReporter -->
<testsuite name="demo_scripts.Calling_Scripts" tests="1" time="35.372" ignored="0" failures="0" timestamp="27 Dec 2019 10:21:20 GMT" skipped="0" hostname="LP-BL8G8R1" errors="0">
  <testcase name="Call_All_Scripts" time="35.372" classname="demo_scripts.Calling_Scripts"/>
</testsuite> <!-- demo_scripts.Calling_Scripts -->
